<?xml version="1.0" encoding="UTF-8"?>
<!-- Generated by org.testng.reporters.JUnitReportReporter -->
<testsuite hostname="LAPTOP-773J0MNE" failures="0" tests="1" name="com.crm.qa.testcases.CreateLeadandProspects" time="31.982" errors="0" timestamp="2020-11-25T15:50:34 MST" skipped="0">
  <testcase classname="com.crm.qa.testcases.CreateLeadandProspects" name="test3" time="31.982"/>
</testsuite> <!-- com.crm.qa.testcases.CreateLeadandProspects -->
