<?xml version="1.0" encoding="UTF-8"?>
<!-- Generated by org.testng.reporters.JUnitReportReporter -->
<testsuite hostname="LAPTOP-773J0MNE" failures="0" tests="4" name="com.crm.qa.testcases.LeadTestCases" time="12.597" errors="0" timestamp="2020-11-26T23:23:28 MST" skipped="0">
  <testcase classname="com.crm.qa.testcases.LeadTestCases" name="test7" time="1.595"/>
  <testcase classname="com.crm.qa.testcases.LeadTestCases" name="test8" time="0.959"/>
  <testcase classname="com.crm.qa.testcases.LeadTestCases" name="test6" time="4.842"/>
  <testcase classname="com.crm.qa.testcases.LeadTestCases" name="test5" time="5.201"/>
</testsuite> <!-- com.crm.qa.testcases.LeadTestCases -->
