<?xml version="1.0" encoding="UTF-8"?>
<!-- Generated by org.testng.reporters.JUnitReportReporter -->
<testsuite hostname="LAPTOP-773J0MNE" failures="0" tests="1" name="com.crm.qa.testcases.LeadTestCases" time="37.229" errors="0" timestamp="2020-11-25T23:56:00 MST" skipped="0">
  <testcase classname="com.crm.qa.testcases.LeadTestCases" name="test4" time="37.229"/>
</testsuite> <!-- com.crm.qa.testcases.LeadTestCases -->
