<?xml version="1.0" encoding="UTF-8"?>
<!-- Generated by org.testng.reporters.JUnitReportReporter -->
<testsuite hostname="LAPTOP-773J0MNE" failures="0" tests="1" name="com.crm.qa.testcases.LeadTestCases" time="2.567" errors="0" timestamp="2021-01-30T09:48:28 MST" skipped="0">
  <testcase classname="com.crm.qa.testcases.LeadTestCases" name="test1" time="2.567"/>
</testsuite> <!-- com.crm.qa.testcases.LeadTestCases -->
