<?xml version="1.0" encoding="UTF-8"?>
<!-- Generated by org.testng.reporters.JUnitReportReporter -->
<testsuite hostname="LAPTOP-773J0MNE" failures="0" tests="1" name="com.crm.qa.testcases.CreateLeadandProspects" time="31.205" errors="0" timestamp="2020-11-25T23:38:47 MST" skipped="0">
  <testcase classname="com.crm.qa.testcases.CreateLeadandProspects" name="test4" time="31.205"/>
</testsuite> <!-- com.crm.qa.testcases.CreateLeadandProspects -->
